<?xml version="1.0" encoding="UTF-8"?>
<testng-results total="1" passed="1" failed="0" skipped="0">
  <reporter-output>
  </reporter-output>
  <suite started-at="2023-07-15T04:13:23Z" name="Default suite" finished-at="2023-07-15T04:13:23Z" duration-ms="86">
    <groups>
    </groups>
    <test started-at="2023-07-15T04:13:23Z" name="Default test" finished-at="2023-07-15T04:13:23Z" duration-ms="86">
      <class name="testNG.TestNGPractice">
        <test-method signature="createCustomer()[pri:0, instance:testNG.TestNGPractice@1750fbeb]" started-at="2023-07-15T09:43:23Z" name="createCustomer" finished-at="2023-07-15T09:43:23Z" duration-ms="40" status="PASS">
          <reporter-output>
          </reporter-output>
        </test-method> <!-- createCustomer -->
      </class> <!-- testNG.TestNGPractice -->
    </test> <!-- Default test -->
  </suite> <!-- Default suite -->
</testng-results>
